<?xml version="1.0" encoding="UTF-8"?>
<!-- Generated by org.testng.reporters.JUnitXMLReporter -->
<testsuite hostname="Lenovo" ignored="0" name="Default test" tests="1" failures="1" timestamp="2020-07-29T23:11:01 IST" time="1.555" errors="0">
  <testcase name="runScenario" time="0.276" classname="io.cucumber.testng.AbstractTestNGCucumberTests">
    <failure type="java.lang.NullPointerException">
      <![CDATA[java.lang.NullPointerException
at Utility.FunctionalLibrary.browserFactory(FunctionalLibrary.java:43)
at whatsapp.steps.WebWhatsapp.to_navigate_url(WebWhatsapp.java:18)
at ✽.To navigate url(file:///C:/Users/ELCOT/eclipse-workspace/webwhatsapp/./src/test/java/featurefile/feature1.feature:4)
]]>
    </failure>
  </testcase> <!-- runScenario -->
</testsuite> <!-- Default test -->
