<?xml version="1.0" encoding="UTF-8"?>
<testng-results skipped="0" failed="1" ignored="0" total="1" passed="0">
  <reporter-output>
  </reporter-output>
  <suite name="Default suite" duration-ms="1555" started-at="2020-07-29T23:11:00 IST" finished-at="2020-07-29T23:11:01 IST">
    <groups>
      <group name="cucumber">
        <method signature="AbstractTestNGCucumberTests.runScenario(io.cucumber.testng.PickleWrapper, io.cucumber.testng.FeatureWrapper)[pri:0, instance:whatsappp.runner.TestRunner@1f57539]" name="runScenario" class="io.cucumber.testng.AbstractTestNGCucumberTests"/>
      </group> <!-- cucumber -->
    </groups>
    <test name="Default test" duration-ms="1555" started-at="2020-07-29T23:11:00 IST" finished-at="2020-07-29T23:11:01 IST">
      <class name="whatsappp.runner.TestRunner">
        <test-method status="PASS" signature="setUpClass()[pri:0, instance:whatsappp.runner.TestRunner@1f57539]" name="setUpClass" is-config="true" duration-ms="870" started-at="2020-07-29T23:11:00 IST" finished-at="2020-07-29T23:11:01 IST">
          <reporter-output>
          </reporter-output>
        </test-method> <!-- setUpClass -->
        <test-method status="FAIL" signature="runScenario(io.cucumber.testng.PickleWrapper, io.cucumber.testng.FeatureWrapper)[pri:0, instance:whatsappp.runner.TestRunner@1f57539]" name="runScenario" duration-ms="276" started-at="2020-07-29T23:11:01 IST" description="Runs Cucumber Scenarios" data-provider="scenarios" finished-at="2020-07-29T23:11:01 IST">
          <params>
            <param index="0">
              <value>
                <![CDATA["Launch whatsapp web"]]>
              </value>
            </param>
            <param index="1">
              <value>
                <![CDATA["To login into whatsapp web"]]>
              </value>
            </param>
          </params>
          <exception class="java.lang.NullPointerException">
            <full-stacktrace>
              <![CDATA[java.lang.NullPointerException
at Utility.FunctionalLibrary.browserFactory(FunctionalLibrary.java:43)
at whatsapp.steps.WebWhatsapp.to_navigate_url(WebWhatsapp.java:18)
at ✽.To navigate url(file:///C:/Users/ELCOT/eclipse-workspace/webwhatsapp/./src/test/java/featurefile/feature1.feature:4)
]]>
            </full-stacktrace>
          </exception> <!-- java.lang.NullPointerException -->
          <reporter-output>
          </reporter-output>
        </test-method> <!-- runScenario -->
        <test-method status="PASS" signature="tearDownClass()[pri:0, instance:whatsappp.runner.TestRunner@1f57539]" name="tearDownClass" is-config="true" duration-ms="260" started-at="2020-07-29T23:11:01 IST" finished-at="2020-07-29T23:11:01 IST">
          <reporter-output>
          </reporter-output>
        </test-method> <!-- tearDownClass -->
      </class> <!-- whatsappp.runner.TestRunner -->
    </test> <!-- Default test -->
  </suite> <!-- Default suite -->
</testng-results>
