<?xml version="1.0" encoding="UTF-8"?>
<!-- Generated by org.testng.reporters.JUnitReportReporter -->
<testsuite skipped="0" hostname="Lenovo" name="whatsappp.runner.TestRunner" tests="1" failures="0" timestamp="2020-07-29T23:11:01 IST" time="0.276" errors="1">
  <testcase name="runScenario" time="0.276" classname="whatsappp.runner.TestRunner">
    <error type="java.lang.NullPointerException">
      <![CDATA[java.lang.NullPointerException
at Utility.FunctionalLibrary.browserFactory(FunctionalLibrary.java:43)
at whatsapp.steps.WebWhatsapp.to_navigate_url(WebWhatsapp.java:18)
at ✽.To navigate url(file:///C:/Users/ELCOT/eclipse-workspace/webwhatsapp/./src/test/java/featurefile/feature1.feature:4)
]]>
    </error>
  </testcase> <!-- runScenario -->
  <system-out/>
</testsuite> <!-- whatsappp.runner.TestRunner -->
